{
  "RSpec": {
    "coverage": {
      "/home/saasbook/dlapi/app/controllers/application_controller.rb": [
        1,
        1,
        null
      ],
      "/home/saasbook/dlapi/app/helpers/application_helper.rb": [
        1,
        null
      ],
      "/home/saasbook/dlapi/app/helpers/resource_helper.rb": [
        1,
        null,
        1,
        null,
        1,
        1,
        null,
        1,
        null,
        1,
        1,
        1,
        null,
        1,
        1,
        null,
        1,
        1,
        null,
        null,
        1,
        null,
        null,
        1,
        null,
        2,
        1,
        null,
        1,
        null,
        null,
        2,
        null,
        null,
        1,
        null,
        3,
        2,
        null,
        1,
        null,
        null,
        3,
        null,
        null,
        1,
        null,
        3,
        3,
        null,
        3,
        1,
        null,
        2,
        2,
        1,
        null,
        1,
        null,
        null,
        null,
        3,
        null,
        null,
        null,
        1,
        null,
        1,
        1,
        1,
        1,
        null,
        1,
        1,
        1,
        1,
        null,
        1,
        null,
        null,
        1,
        null,
        2,
        1,
        null,
        1,
        1,
        1,
        1,
        null,
        null,
        null,
        1,
        null,
        null,
        null,
        null,
        null
      ],
      "/home/saasbook/dlapi/app/controllers/resources_controller.rb": [
        1,
        null,
        1,
        null,
        1,
        null,
        2,
        null,
        2,
        2,
        2,
        null,
        null,
        1,
        null,
        null,
        null,
        null
      ],
      "/home/saasbook/dlapi/app/models/resource.rb": [
        1,
        null,
        1,
        null,
        4,
        4,
        4,
        4,
        4,
        4,
        4,
        4,
        4,
        null,
        null,
        null
      ],
      "/home/saasbook/dlapi/app/models/g50.rb": [
        1,
        null,
        null
      ]
    },
    "timestamp": 1342821212
  },
  "Cucumber Features": {
    "coverage": {
      "/home/saasbook/dlapi/app/controllers/application_controller.rb": [
        1,
        1,
        null
      ],
      "/home/saasbook/dlapi/app/helpers/application_helper.rb": [
        1,
        null
      ],
      "/home/saasbook/dlapi/app/helpers/resource_helper.rb": [
        1,
        null,
        1,
        null,
        10,
        10,
        null,
        10,
        null,
        10,
        10,
        10,
        null,
        10,
        10,
        null,
        10,
        10,
        null,
        null,
        10,
        null,
        null,
        1,
        null,
        5,
        3,
        null,
        2,
        null,
        null,
        5,
        null,
        null,
        1,
        null,
        5,
        5,
        null,
        0,
        null,
        null,
        5,
        null,
        null,
        1,
        null,
        3,
        3,
        null,
        3,
        1,
        null,
        2,
        2,
        1,
        null,
        1,
        null,
        null,
        null,
        3,
        null,
        null,
        null,
        1,
        null,
        2,
        2,
        2,
        0,
        null,
        2,
        2,
        2,
        2,
        null,
        2,
        null,
        null,
        1,
        null,
        2,
        0,
        null,
        2,
        2,
        2,
        2,
        null,
        null,
        null,
        2,
        null,
        null,
        null,
        null,
        null
      ],
      "/home/saasbook/dlapi/app/controllers/resources_controller.rb": [
        1,
        null,
        1,
        null,
        1,
        null,
        5,
        null,
        5,
        5,
        5,
        null,
        null,
        1,
        null,
        null,
        null,
        null
      ],
      "/home/saasbook/dlapi/app/models/resource.rb": [
        1,
        null,
        1,
        null,
        5,
        5,
        5,
        5,
        5,
        5,
        5,
        5,
        5,
        null,
        null,
        null
      ],
      "/home/saasbook/dlapi/app/models/g50.rb": [
        1,
        null,
        null
      ]
    },
    "timestamp": 1342821311
  }
}
